c:\users\luan\desktop\tp rendu 3d\realtimerendering\realtimerendering_basecode\realtimerendering\x64\release\vc142.pdb
c:\users\luan\desktop\tp rendu 3d\realtimerendering\realtimerendering_basecode\realtimerendering\x64\release\window.obj
c:\users\luan\desktop\tp rendu 3d\realtimerendering\realtimerendering_basecode\realtimerendering\x64\release\material.obj
c:\users\luan\desktop\tp rendu 3d\realtimerendering\realtimerendering_basecode\realtimerendering\x64\release\vector.obj
c:\users\luan\desktop\tp rendu 3d\realtimerendering\realtimerendering_basecode\realtimerendering\x64\release\timer.obj
c:\users\luan\desktop\tp rendu 3d\realtimerendering\realtimerendering_basecode\realtimerendering\x64\release\tools.obj
c:\users\luan\desktop\tp rendu 3d\realtimerendering\realtimerendering_basecode\realtimerendering\x64\release\shader.obj
c:\users\luan\desktop\tp rendu 3d\realtimerendering\realtimerendering_basecode\realtimerendering\x64\release\settings.obj
c:\users\luan\desktop\tp rendu 3d\realtimerendering\realtimerendering_basecode\realtimerendering\x64\release\scene.obj
c:\users\luan\desktop\tp rendu 3d\realtimerendering\realtimerendering_basecode\realtimerendering\x64\release\renderer.obj
c:\users\luan\desktop\tp rendu 3d\realtimerendering\realtimerendering_basecode\realtimerendering\x64\release\graphics.obj
c:\users\luan\desktop\tp rendu 3d\realtimerendering\realtimerendering_basecode\realtimerendering\x64\release\object.obj
c:\users\luan\desktop\tp rendu 3d\realtimerendering\realtimerendering_basecode\realtimerendering\x64\release\mesh.obj
c:\users\luan\desktop\tp rendu 3d\realtimerendering\realtimerendering_basecode\realtimerendering\x64\release\matrix.obj
c:\users\luan\desktop\tp rendu 3d\realtimerendering\realtimerendering_basecode\realtimerendering\x64\release\main.obj
c:\users\luan\desktop\tp rendu 3d\realtimerendering\realtimerendering_basecode\realtimerendering\x64\release\camera.obj
c:\users\luan\desktop\tp rendu 3d\lefebvre_praud\lefebvre_praud\realtimerendering\x64\release\vc142.pdb
c:\users\luan\desktop\tp rendu 3d\lefebvre_praud\lefebvre_praud\realtimerendering\x64\release\window.obj
c:\users\luan\desktop\tp rendu 3d\lefebvre_praud\lefebvre_praud\realtimerendering\x64\release\vector.obj
c:\users\luan\desktop\tp rendu 3d\lefebvre_praud\lefebvre_praud\realtimerendering\x64\release\timer.obj
c:\users\luan\desktop\tp rendu 3d\lefebvre_praud\lefebvre_praud\realtimerendering\x64\release\tools.obj
c:\users\luan\desktop\tp rendu 3d\lefebvre_praud\lefebvre_praud\realtimerendering\x64\release\shader.obj
c:\users\luan\desktop\tp rendu 3d\lefebvre_praud\lefebvre_praud\realtimerendering\x64\release\settings.obj
c:\users\luan\desktop\tp rendu 3d\lefebvre_praud\lefebvre_praud\realtimerendering\x64\release\scene.obj
c:\users\luan\desktop\tp rendu 3d\lefebvre_praud\lefebvre_praud\realtimerendering\x64\release\renderer.obj
c:\users\luan\desktop\tp rendu 3d\lefebvre_praud\lefebvre_praud\realtimerendering\x64\release\graphics.obj
c:\users\luan\desktop\tp rendu 3d\lefebvre_praud\lefebvre_praud\realtimerendering\x64\release\object.obj
c:\users\luan\desktop\tp rendu 3d\lefebvre_praud\lefebvre_praud\realtimerendering\x64\release\mesh.obj
c:\users\luan\desktop\tp rendu 3d\lefebvre_praud\lefebvre_praud\realtimerendering\x64\release\matrix.obj
c:\users\luan\desktop\tp rendu 3d\lefebvre_praud\lefebvre_praud\realtimerendering\x64\release\material.obj
c:\users\luan\desktop\tp rendu 3d\lefebvre_praud\lefebvre_praud\realtimerendering\x64\release\main.obj
c:\users\luan\desktop\tp rendu 3d\lefebvre_praud\lefebvre_praud\realtimerendering\x64\release\camera.obj
c:\users\luan\desktop\tp rendu 3d\realtimerendering\realtimerendering_basecode\bin\realtimerendering.exe
c:\users\luan\desktop\tp rendu 3d\realtimerendering\realtimerendering_basecode\bin\realtimerendering.pdb
c:\users\luan\desktop\tp rendu 3d\lefebvre_praud\lefebvre_praud\bin\realtimerendering.exe
c:\users\luan\desktop\tp rendu 3d\lefebvre_praud\lefebvre_praud\realtimerendering\x64\release\realtimerendering.ipdb
c:\users\luan\desktop\tp rendu 3d\lefebvre_praud\lefebvre_praud\realtimerendering\x64\release\realtimerendering.iobj
c:\users\luan\desktop\tp rendu 3d\lefebvre_praud\lefebvre_praud\bin\realtimerendering.pdb
c:\users\luan\desktop\tp rendu 3d\lefebvre_praud\lefebvre_praud\realtimerendering\x64\release\realtime.d54c3bfb.tlog\cl.command.1.tlog
c:\users\luan\desktop\tp rendu 3d\lefebvre_praud\lefebvre_praud\realtimerendering\x64\release\realtime.d54c3bfb.tlog\cl.read.1.tlog
c:\users\luan\desktop\tp rendu 3d\lefebvre_praud\lefebvre_praud\realtimerendering\x64\release\realtime.d54c3bfb.tlog\cl.write.1.tlog
c:\users\luan\desktop\tp rendu 3d\lefebvre_praud\lefebvre_praud\realtimerendering\x64\release\realtime.d54c3bfb.tlog\link.command.1.tlog
c:\users\luan\desktop\tp rendu 3d\lefebvre_praud\lefebvre_praud\realtimerendering\x64\release\realtime.d54c3bfb.tlog\link.read.1.tlog
c:\users\luan\desktop\tp rendu 3d\lefebvre_praud\lefebvre_praud\realtimerendering\x64\release\realtime.d54c3bfb.tlog\link.write.1.tlog
